<?xml version="1.0" encoding="UTF-8"?>
<!-- Generated by org.testng.reporters.JUnitXMLReporter -->
<testsuite ignored="0" hostname="LTIN215041" failures="0" tests="8" name="HackathonTest" time="99.508" errors="0" timestamp="2023-07-17T14:38:47 IST">
  <testcase classname="testCases.TC_001_CabPageTestClass" name="test_redirect_to_cabs" time="6.644"/>
  <testcase classname="testCases.TC_001_CabPageTestClass" name="test_cab_data_fill" time="14.514"/>
  <testcase classname="testCases.TC_001_CabPageTestClass" name="test_car_type_suv" time="7.945"/>
  <testcase classname="testCases.TC_002_GiftCardTestClass" name="test_gift_card_page" time="8.108"/>
  <testcase classname="testCases.TC_002_GiftCardTestClass" name="test_remove_category" time="0.339"/>
  <testcase classname="testCases.TC_002_GiftCardTestClass" name="test_select_gift_card" time="4.134"/>
  <testcase classname="testCases.TC_002_GiftCardTestClass" name="test_invalid_email" time="5.044"/>
  <testcase classname="testCases.TC_003_HotelPageTestClass" name="test_hotel_page_functionality" time="10.662"/>
</testsuite> <!-- HackathonTest -->
