<?xml version="1.0" encoding="UTF-8"?>
<!-- Generated by org.testng.reporters.JUnitXMLReporter -->
<testsuite ignored="0" hostname="LTIN215041" failures="1" tests="8" name="HackathonTest" time="119.418" errors="0" timestamp="2023-07-13T10:24:45 IST">
  <testcase classname="testCases.TC_001_CabPageTestClass" name="test_redirect_to_cabs" time="7.221"/>
  <testcase classname="testCases.TC_001_CabPageTestClass" name="test_cab_data_fill" time="21.612"/>
  <testcase classname="testCases.TC_001_CabPageTestClass" name="test_car_type_suv" time="8.461"/>
  <testcase classname="testCases.TC_002_GiftCardTestClass" name="test_gift_card_page" time="6.119"/>
  <testcase classname="testCases.TC_002_GiftCardTestClass" name="test_remove_category" time="0.288"/>
  <testcase classname="testCases.TC_002_GiftCardTestClass" name="test_select_gift_card" time="5.507"/>
  <testcase classname="testCases.TC_002_GiftCardTestClass" name="test_invalid_email" time="5.743">
    <failure type="java.lang.AssertionError" message="Please enter a valid Email id. expected [true] but found [false]">
      <![CDATA[java.lang.AssertionError: Please enter a valid Email id. expected [true] but found [false]
at testCases.TC_002_GiftCardTestClass.test_invalid_email(TC_002_GiftCardTestClass.java:104)
at java.base/java.util.ArrayList.forEach(ArrayList.java:1511)
... Removed 30 stack frames]]>
    </failure>
  </testcase> <!-- test_invalid_email -->
  <testcase classname="testCases.TC_003_HotelPageTestClass" name="test_hotel_page_functionality" time="11.526"/>
</testsuite> <!-- HackathonTest -->
