<?xml version="1.0" encoding="UTF-8"?>
<!-- Generated by org.testng.reporters.JUnitXMLReporter -->
<testsuite ignored="0" hostname="LTIN215041" failures="0" tests="8" name="HackathonTest" time="123.952" errors="0" timestamp="2023-07-13T12:12:54 IST">
  <testcase classname="testCases.TC_001_CabPageTestClass" name="test_redirect_to_cabs" time="7.276"/>
  <testcase classname="testCases.TC_001_CabPageTestClass" name="test_cab_data_fill" time="22.894"/>
  <testcase classname="testCases.TC_001_CabPageTestClass" name="test_car_type_suv" time="6.851"/>
  <testcase classname="testCases.TC_002_GiftCardTestClass" name="test_gift_card_page" time="6.832"/>
  <testcase classname="testCases.TC_002_GiftCardTestClass" name="test_remove_category" time="0.423"/>
  <testcase classname="testCases.TC_002_GiftCardTestClass" name="test_select_gift_card" time="5.227"/>
  <testcase classname="testCases.TC_002_GiftCardTestClass" name="test_invalid_email" time="5.668"/>
  <testcase classname="testCases.TC_003_HotelPageTestClass" name="test_hotel_page_functionality" time="11.327"/>
</testsuite> <!-- HackathonTest -->
