<?xml version="1.0" encoding="UTF-8"?>
<!-- Generated by org.testng.reporters.JUnitXMLReporter -->
<testsuite ignored="0" hostname="LTIN215041" failures="0" tests="8" name="HackathonTest" time="112.756" errors="0" timestamp="2023-07-24T09:26:00 IST">
  <testcase classname="testCases.TC_001_CabPageTestClass" name="test_redirect_to_cabs" time="4.024"/>
  <testcase classname="testCases.TC_001_CabPageTestClass" name="test_cab_data_fill" time="21.669"/>
  <testcase classname="testCases.TC_001_CabPageTestClass" name="test_car_type_suv" time="3.83"/>
  <testcase classname="testCases.TC_002_GiftCardTestClass" name="test_gift_card_page" time="3.024"/>
  <testcase classname="testCases.TC_002_GiftCardTestClass" name="test_remove_category" time="0.481"/>
  <testcase classname="testCases.TC_002_GiftCardTestClass" name="test_select_gift_card" time="5.081"/>
  <testcase classname="testCases.TC_002_GiftCardTestClass" name="test_invalid_email" time="6.134"/>
  <testcase classname="testCases.TC_003_HotelPageTestClass" name="test_hotel_page_functionality" time="8.812"/>
</testsuite> <!-- HackathonTest -->
