<?xml version="1.0" encoding="UTF-8"?>
<testsuite xmlns:xsi="http://www.w3.org/2001/XMLSchema-instance" xsi:noNamespaceSchemaLocation="https://maven.apache.org/surefire/maven-surefire-plugin/xsd/surefire-test-report-3.0.xsd" version="3.0" name="TestSuite" time="115.006" tests="8" errors="0" skipped="0" failures="0">
  <properties>
[...]
</properties>
  <testcase name="test_redirect_to_cabs" classname="testCases.TC_001_CabPageTestClass" time="7.814">
    <system-out><![CDATA[10:30:49.368 [main] INFO  testCases.TC_001_CabPageTestClass - Starting test_redirect_to_cabs...
10:30:49.380 [main] INFO  testCases.TC_001_CabPageTestClass - Creating object for class CabBooking.java present in pageObject package...
10:30:52.563 [main] INFO  testCases.TC_001_CabPageTestClass - Clicking on the Cab page present in website...
10:30:57.112 [main] INFO  testCases.TC_001_CabPageTestClass - Checking if correct Cab page is opened or not by verifying web-page title...
10:30:57.123 [main] INFO  testCases.TC_001_CabPageTestClass - test_redirect_to_cabs successful...
]]></system-out>
    <system-err><![CDATA[SLF4J: No SLF4J providers were found.
SLF4J: Defaulting to no-operation (NOP) logger implementation
SLF4J: See https://www.slf4j.org/codes.html#noProviders for further details.
Jul 17, 2023 10:30:36 AM org.openqa.selenium.remote.service.DriverService$Builder getLogOutput
INFO: Driver logs no longer sent to console by default; https://www.selenium.dev/documentation/webdriver/drivers/service/#setting-log-output
]]></system-err>
  </testcase>
  <testcase name="test_cab_data_fill" classname="testCases.TC_001_CabPageTestClass" time="16.47">
    <system-out><![CDATA[10:30:57.176 [main] INFO  testCases.TC_001_CabPageTestClass - Starting test_cab_data_fill...
10:30:57.180 [main] INFO  testCases.TC_001_CabPageTestClass - Filling the cab data...
10:31:13.644 [main] INFO  testCases.TC_001_CabPageTestClass - test_cab_data_fill successful...
]]></system-out>
  </testcase>
  <testcase name="test_car_type_suv" classname="testCases.TC_001_CabPageTestClass" time="9.245">
    <system-out><![CDATA[10:31:13.649 [main] INFO  testCases.TC_001_CabPageTestClass - Starting test_car_type_suv...
10:31:13.651 [main] INFO  testCases.TC_001_CabPageTestClass - Selecting the cab type as SUV...
10:31:19.754 [main] INFO  testCases.TC_001_CabPageTestClass - test_car_type_suv successful...
10:31:19.755 [main] INFO  testCases.TC_001_CabPageTestClass - Printing the lowest fare in console...
10:31:19.880 [main] INFO  testCases.TC_001_CabPageTestClass - Lowest fare is: Rs. ? 51,979
]]></system-out>
  </testcase>
  <testcase name="test_gift_card_page" classname="testCases.TC_002_GiftCardTestClass" time="6.857">
    <system-out><![CDATA[10:31:36.872 [main] INFO  testCases.TC_002_GiftCardTestClass - Starting test_gift_card_page...
10:31:39.936 [main] INFO  testCases.TC_002_GiftCardTestClass - Clicking on the Gift Card option present on the home page...
10:31:40.377 [main] INFO  testCases.TC_002_GiftCardTestClass - Validiting the test by checking the title of web page...
10:31:43.727 [main] INFO  testCases.TC_002_GiftCardTestClass - test_gift_card_page successful...
]]></system-out>
    <system-err><![CDATA[Jul 17, 2023 10:31:24 AM org.openqa.selenium.remote.service.DriverService$Builder getLogOutput
INFO: Driver logs no longer sent to console by default; https://www.selenium.dev/documentation/webdriver/drivers/service/#setting-log-output
]]></system-err>
  </testcase>
  <testcase name="test_remove_category" classname="testCases.TC_002_GiftCardTestClass" time="0.338">
    <system-out><![CDATA[10:31:43.731 [main] INFO  testCases.TC_002_GiftCardTestClass - Starting test_remove_category...
10:31:43.732 [main] INFO  testCases.TC_002_GiftCardTestClass - Clearing all the categories...
10:31:43.987 [main] INFO  testCases.TC_002_GiftCardTestClass - Checking if the categories are cleared or not...
10:31:44.066 [main] INFO  testCases.TC_002_GiftCardTestClass - test_remove_category successful...
]]></system-out>
  </testcase>
  <testcase name="test_select_gift_card" classname="testCases.TC_002_GiftCardTestClass" time="5.608">
    <system-out><![CDATA[10:31:44.070 [main] INFO  testCases.TC_002_GiftCardTestClass - Starting test_select_gift_card...
10:31:45.575 [main] INFO  testCases.TC_002_GiftCardTestClass - Selecting gift cartd as Wedding Gift Card...
10:31:49.675 [main] INFO  testCases.TC_002_GiftCardTestClass - Verifying the gift card by checking the title...
10:31:49.676 [main] INFO  testCases.TC_002_GiftCardTestClass - test_select_gift_card successful...
]]></system-out>
  </testcase>
  <testcase name="test_invalid_email" classname="testCases.TC_002_GiftCardTestClass" time="5.801">
    <system-out><![CDATA[10:31:49.683 [main] INFO  testCases.TC_002_GiftCardTestClass - Starting test_invalid_email...
10:31:49.684 [main] INFO  testCases.TC_002_GiftCardTestClass - Entering sender's data...
10:31:51.495 [main] INFO  testCases.TC_002_GiftCardTestClass - Clicking on Buy Now button...
10:31:51.998 [main] INFO  testCases.TC_002_GiftCardTestClass - Extracting error message...
10:31:52.145 [main] INFO  testCases.TC_002_GiftCardTestClass - Extracted error message: Please enter a valid Email id.
]]></system-out>
  </testcase>
  <testcase name="test_hotel_page_functionality" classname="testCases.TC_003_HotelPageTestClass" time="11.994">
    <system-out><![CDATA[You can select 01 Adults 
You can select 02 Adults 
You can select 03 Adults 
You can select 04 Adults 
You can select 05 Adults 
You can select 06 Adults 
You can select 07 Adults 
You can select 08 Adults 
You can select 09 Adults 
You can select 10 Adults 
You can select 11 Adults 
You can select 12 Adults 
You can select 13 Adults 
You can select 14 Adults 
You can select 15 Adults 
You can select 16 Adults 
You can select 17 Adults 
You can select 18 Adults 
You can select 19 Adults 
You can select 20 Adults 
You can select 21 Adults 
You can select 22 Adults 
You can select 23 Adults 
You can select 24 Adults 
You can select 25 Adults 
You can select 26 Adults 
You can select 27 Adults 
You can select 28 Adults 
You can select 29 Adults 
You can select 30 Adults 
You can select 31 Adults 
You can select 32 Adults 
You can select 33 Adults 
You can select 34 Adults 
You can select 35 Adults 
You can select 36 Adults 
You can select 37 Adults 
You can select 38 Adults 
You can select 39 Adults 
You can select 40 Adults 
]]></system-out>
    <system-err><![CDATA[Jul 17, 2023 10:31:56 AM org.openqa.selenium.remote.service.DriverService$Builder getLogOutput
INFO: Driver logs no longer sent to console by default; https://www.selenium.dev/documentation/webdriver/drivers/service/#setting-log-output
]]></system-err>
  </testcase>
</testsuite>