<?xml version="1.0" encoding="UTF-8"?>
<testng-results ignored="0" total="8" passed="8" failed="0" skipped="0">
  <reporter-output>
  </reporter-output>
  <suite started-at="2023-07-17T14:37:07 IST" name="HackathonSuite" finished-at="2023-07-17T14:38:47 IST" duration-ms="99508">
    <groups>
      <group name="Regression">
        <method signature="TC_001_CabPageTestClass.test_cab_data_fill()[pri:2, instance:testCases.TC_001_CabPageTestClass@1a942c18]" name="test_cab_data_fill" class="testCases.TC_001_CabPageTestClass"/>
        <method signature="TC_001_CabPageTestClass.test_car_type_suv()[pri:3, instance:testCases.TC_001_CabPageTestClass@1a942c18]" name="test_car_type_suv" class="testCases.TC_001_CabPageTestClass"/>
        <method signature="TC_001_CabPageTestClass.test_redirect_to_cabs()[pri:1, instance:testCases.TC_001_CabPageTestClass@1a942c18]" name="test_redirect_to_cabs" class="testCases.TC_001_CabPageTestClass"/>
        <method signature="TC_002_GiftCardTestClass.test_gift_card_page()[pri:6, instance:testCases.TC_002_GiftCardTestClass@5ab956d7]" name="test_gift_card_page" class="testCases.TC_002_GiftCardTestClass"/>
        <method signature="TC_002_GiftCardTestClass.test_invalid_email()[pri:9, instance:testCases.TC_002_GiftCardTestClass@5ab956d7]" name="test_invalid_email" class="testCases.TC_002_GiftCardTestClass"/>
        <method signature="TC_002_GiftCardTestClass.test_remove_category()[pri:7, instance:testCases.TC_002_GiftCardTestClass@5ab956d7]" name="test_remove_category" class="testCases.TC_002_GiftCardTestClass"/>
        <method signature="TC_002_GiftCardTestClass.test_select_gift_card()[pri:8, instance:testCases.TC_002_GiftCardTestClass@5ab956d7]" name="test_select_gift_card" class="testCases.TC_002_GiftCardTestClass"/>
        <method signature="TC_003_HotelPageTestClass.test_hotel_page_functionality()[pri:4, instance:testCases.TC_003_HotelPageTestClass@3e27aa33]" name="test_hotel_page_functionality" class="testCases.TC_003_HotelPageTestClass"/>
      </group> <!-- Regression -->
      <group name="Smoke">
        <method signature="TC_001_CabPageTestClass.test_redirect_to_cabs()[pri:1, instance:testCases.TC_001_CabPageTestClass@1a942c18]" name="test_redirect_to_cabs" class="testCases.TC_001_CabPageTestClass"/>
        <method signature="TC_002_GiftCardTestClass.test_gift_card_page()[pri:6, instance:testCases.TC_002_GiftCardTestClass@5ab956d7]" name="test_gift_card_page" class="testCases.TC_002_GiftCardTestClass"/>
        <method signature="TC_003_HotelPageTestClass.test_hotel_page_functionality()[pri:4, instance:testCases.TC_003_HotelPageTestClass@3e27aa33]" name="test_hotel_page_functionality" class="testCases.TC_003_HotelPageTestClass"/>
      </group> <!-- Smoke -->
    </groups>
    <test started-at="2023-07-17T14:37:07 IST" name="HackathonTest" finished-at="2023-07-17T14:38:47 IST" duration-ms="99508">
      <class name="testCases.TC_001_CabPageTestClass">
        <test-method is-config="true" signature="setup(java.lang.String)[pri:0, instance:testCases.TC_001_CabPageTestClass@1a942c18]" started-at="2023-07-17T14:37:09 IST" name="setup" finished-at="2023-07-17T14:37:26 IST" duration-ms="17687" status="PASS">
          <params>
            <param index="0">
              <value>
                <![CDATA[chrome]]>
              </value>
            </param>
          </params>
          <reporter-output>
          </reporter-output>
        </test-method> <!-- setup -->
        <test-method signature="test_redirect_to_cabs()[pri:1, instance:testCases.TC_001_CabPageTestClass@1a942c18]" started-at="2023-07-17T14:37:26 IST" name="test_redirect_to_cabs" finished-at="2023-07-17T14:37:33 IST" duration-ms="6644" status="PASS">
          <reporter-output>
          </reporter-output>
        </test-method> <!-- test_redirect_to_cabs -->
        <test-method signature="test_cab_data_fill()[pri:2, instance:testCases.TC_001_CabPageTestClass@1a942c18]" started-at="2023-07-17T14:37:33 IST" name="test_cab_data_fill" finished-at="2023-07-17T14:37:47 IST" duration-ms="14514" status="PASS">
          <reporter-output>
          </reporter-output>
        </test-method> <!-- test_cab_data_fill -->
        <test-method signature="test_car_type_suv()[pri:3, instance:testCases.TC_001_CabPageTestClass@1a942c18]" started-at="2023-07-17T14:37:47 IST" name="test_car_type_suv" finished-at="2023-07-17T14:37:55 IST" duration-ms="7945" status="PASS">
          <reporter-output>
          </reporter-output>
        </test-method> <!-- test_car_type_suv -->
        <test-method is-config="true" signature="tearDown()[pri:0, instance:testCases.TC_001_CabPageTestClass@1a942c18]" started-at="2023-07-17T14:37:55 IST" name="tearDown" finished-at="2023-07-17T14:37:57 IST" duration-ms="1211" status="PASS">
          <reporter-output>
          </reporter-output>
        </test-method> <!-- tearDown -->
      </class> <!-- testCases.TC_001_CabPageTestClass -->
      <class name="testCases.TC_003_HotelPageTestClass">
        <test-method is-config="true" signature="setup(java.lang.String)[pri:0, instance:testCases.TC_003_HotelPageTestClass@3e27aa33]" started-at="2023-07-17T14:38:26 IST" name="setup" finished-at="2023-07-17T14:38:35 IST" duration-ms="8933" status="PASS">
          <params>
            <param index="0">
              <value>
                <![CDATA[chrome]]>
              </value>
            </param>
          </params>
          <reporter-output>
          </reporter-output>
        </test-method> <!-- setup -->
        <test-method signature="test_hotel_page_functionality()[pri:4, instance:testCases.TC_003_HotelPageTestClass@3e27aa33]" started-at="2023-07-17T14:38:35 IST" name="test_hotel_page_functionality" finished-at="2023-07-17T14:38:46 IST" duration-ms="10662" status="PASS">
          <reporter-output>
          </reporter-output>
        </test-method> <!-- test_hotel_page_functionality -->
        <test-method is-config="true" signature="tearDown()[pri:0, instance:testCases.TC_003_HotelPageTestClass@3e27aa33]" started-at="2023-07-17T14:38:46 IST" name="tearDown" finished-at="2023-07-17T14:38:47 IST" duration-ms="1317" status="PASS">
          <reporter-output>
          </reporter-output>
        </test-method> <!-- tearDown -->
      </class> <!-- testCases.TC_003_HotelPageTestClass -->
      <class name="testCases.TC_002_GiftCardTestClass">
        <test-method is-config="true" signature="setup(java.lang.String)[pri:0, instance:testCases.TC_002_GiftCardTestClass@5ab956d7]" started-at="2023-07-17T14:37:57 IST" name="setup" finished-at="2023-07-17T14:38:07 IST" duration-ms="10503" status="PASS">
          <params>
            <param index="0">
              <value>
                <![CDATA[chrome]]>
              </value>
            </param>
          </params>
          <reporter-output>
          </reporter-output>
        </test-method> <!-- setup -->
        <test-method signature="test_gift_card_page()[pri:6, instance:testCases.TC_002_GiftCardTestClass@5ab956d7]" started-at="2023-07-17T14:38:07 IST" name="test_gift_card_page" finished-at="2023-07-17T14:38:15 IST" duration-ms="8108" status="PASS">
          <reporter-output>
          </reporter-output>
        </test-method> <!-- test_gift_card_page -->
        <test-method signature="test_remove_category()[pri:7, instance:testCases.TC_002_GiftCardTestClass@5ab956d7]" started-at="2023-07-17T14:38:15 IST" name="test_remove_category" finished-at="2023-07-17T14:38:16 IST" duration-ms="339" status="PASS">
          <reporter-output>
          </reporter-output>
        </test-method> <!-- test_remove_category -->
        <test-method signature="test_select_gift_card()[pri:8, instance:testCases.TC_002_GiftCardTestClass@5ab956d7]" started-at="2023-07-17T14:38:16 IST" name="test_select_gift_card" finished-at="2023-07-17T14:38:20 IST" duration-ms="4134" status="PASS">
          <reporter-output>
          </reporter-output>
        </test-method> <!-- test_select_gift_card -->
        <test-method signature="test_invalid_email()[pri:9, instance:testCases.TC_002_GiftCardTestClass@5ab956d7]" started-at="2023-07-17T14:38:20 IST" name="test_invalid_email" finished-at="2023-07-17T14:38:25 IST" duration-ms="5044" status="PASS">
          <reporter-output>
          </reporter-output>
        </test-method> <!-- test_invalid_email -->
        <test-method is-config="true" signature="tearDown()[pri:0, instance:testCases.TC_002_GiftCardTestClass@5ab956d7]" started-at="2023-07-17T14:38:25 IST" name="tearDown" finished-at="2023-07-17T14:38:26 IST" duration-ms="1272" status="PASS">
          <reporter-output>
          </reporter-output>
        </test-method> <!-- tearDown -->
      </class> <!-- testCases.TC_002_GiftCardTestClass -->
    </test> <!-- HackathonTest -->
  </suite> <!-- HackathonSuite -->
</testng-results>
