<?xml version="1.0" encoding="UTF-8"?>
<!-- Generated by org.testng.reporters.JUnitXMLReporter -->
<testsuite ignored="0" hostname="LTIN215041" failures="0" tests="8" name="CrossbrowserChromeTest" time="119.457" errors="0" timestamp="2023-07-17T10:25:47 IST">
  <testcase classname="testCases.TC_001_CabPageTestClass" name="test_redirect_to_cabs" time="7.779"/>
  <testcase classname="testCases.TC_001_CabPageTestClass" name="test_cab_data_fill" time="16.786"/>
  <testcase classname="testCases.TC_001_CabPageTestClass" name="test_car_type_suv" time="9.217"/>
  <testcase classname="testCases.TC_002_GiftCardTestClass" name="test_gift_card_page" time="8.697"/>
  <testcase classname="testCases.TC_002_GiftCardTestClass" name="test_remove_category" time="0.351"/>
  <testcase classname="testCases.TC_002_GiftCardTestClass" name="test_select_gift_card" time="5.185"/>
  <testcase classname="testCases.TC_002_GiftCardTestClass" name="test_invalid_email" time="6.419"/>
  <testcase classname="testCases.TC_003_HotelPageTestClass" name="test_hotel_page_functionality" time="12.976"/>
</testsuite> <!-- CrossbrowserChromeTest -->
