<?xml version="1.0" encoding="UTF-8"?>
<!-- Generated by org.testng.reporters.JUnitXMLReporter -->
<testsuite ignored="0" hostname="LTIN215041" failures="0" tests="8" name="CrossbrowserEdgeTest" time="136.576" errors="0" timestamp="2023-07-17T10:28:05 IST">
  <testcase classname="testCases.TC_001_CabPageTestClass" name="test_redirect_to_cabs" time="7.154"/>
  <testcase classname="testCases.TC_001_CabPageTestClass" name="test_cab_data_fill" time="21.134"/>
  <testcase classname="testCases.TC_001_CabPageTestClass" name="test_car_type_suv" time="6.87"/>
  <testcase classname="testCases.TC_002_GiftCardTestClass" name="test_gift_card_page" time="7.761"/>
  <testcase classname="testCases.TC_002_GiftCardTestClass" name="test_remove_category" time="0.523"/>
  <testcase classname="testCases.TC_002_GiftCardTestClass" name="test_select_gift_card" time="4.615"/>
  <testcase classname="testCases.TC_002_GiftCardTestClass" name="test_invalid_email" time="6.487"/>
  <testcase classname="testCases.TC_003_HotelPageTestClass" name="test_hotel_page_functionality" time="13.199"/>
</testsuite> <!-- CrossbrowserEdgeTest -->
