<?xml version="1.0" encoding="UTF-8"?>
<!-- Generated by org.testng.reporters.JUnitXMLReporter -->
<testsuite ignored="5" hostname="LTIN215041" failures="0" tests="3" name="HackathonSmokeTest" time="126.253" errors="0" timestamp="2023-06-21T16:17:10 IST">
  <testcase classname="testCases.CabPageTestClass" name="test_redirect_to_cabs" time="15.726"/>
  <testcase classname="testCases.GiftCardTestClass" name="test_gift_card_page" time="20.983"/>
  <testcase classname="testCases.HotelPageTestClass" name="test_hotel_page_functionality" time="17.555"/>
  <testcase classname="testCases.CabPageTestClass" name="test_cab_data_fill" time="0.0">
    <ignored/>
  </testcase> <!-- test_cab_data_fill -->
  <testcase classname="testCases.GiftCardTestClass" name="test_remove_category" time="0.0">
    <ignored/>
  </testcase> <!-- test_remove_category -->
  <testcase classname="testCases.GiftCardTestClass" name="test_wedding_gift_card" time="0.0">
    <ignored/>
  </testcase> <!-- test_wedding_gift_card -->
  <testcase classname="testCases.GiftCardTestClass" name="test_give_invalid_email" time="0.0">
    <ignored/>
  </testcase> <!-- test_give_invalid_email -->
  <testcase classname="testCases.CabPageTestClass" name="test_car_type_suv" time="0.0">
    <ignored/>
  </testcase> <!-- test_car_type_suv -->
</testsuite> <!-- HackathonSmokeTest -->
